<?xml version="1.0" encoding="UTF-8"?>
<robot generator="Robot 6.0.2 (Python 3.10.0 on win32)" generated="20230426 17:39:20.807" rpa="false" schemaversion="3">
<suite id="s1" name="Robot Framework" source="C:\Users\CKABAKL\PycharmProjects\robot_framework">
<suite id="s1-s1" name="Test" source="C:\Users\CKABAKL\PycharmProjects\robot_framework\test">
<suite id="s1-s1-s1" name="Koton" source="C:\Users\CKABAKL\PycharmProjects\robot_framework\test\koton.robot">
<test id="s1-s1-s1-t1" name="senaryo1" line="18">
<kw name="create session">
<kw name="Open Browser" library="SeleniumLibrary">
<arg>https://www.amazon.com.tr/gp/browse.html?node=12466553031&amp;ref_=nav_cs_fashion</arg>
<arg>chrome</arg>
<doc>Opens a new browser instance to the optional ``url``.</doc>
<msg timestamp="20230426 17:39:21.075" level="INFO">Opening browser 'chrome' to base url 'https://www.amazon.com.tr/gp/browse.html?node=12466553031&amp;ref_=nav_cs_fashion'.</msg>
<msg timestamp="20230426 17:39:21.082" level="INFO">Executing: C:\Users\CKABAKL\PycharmProjects\robot_framework\venv\lib\site-packages\selenium\webdriver\common\windows\selenium-manager.exe --browser chrome --output json</msg>
<status status="PASS" starttime="20230426 17:39:21.075" endtime="20230426 17:39:26.676"/>
</kw>
<status status="PASS" starttime="20230426 17:39:21.074" endtime="20230426 17:39:26.677"/>
</kw>
<kw name="Maximize Browser Window" library="SeleniumLibrary">
<doc>Maximizes current browser window.</doc>
<status status="PASS" starttime="20230426 17:39:26.678" endtime="20230426 17:39:26.826"/>
</kw>
<kw name="Go to kotonhomepage">
<kw name="Click Element" library="SeleniumLibrary">
<arg>css=#sp-cc-accept</arg>
<doc>Click the element identified by ``locator``.</doc>
<msg timestamp="20230426 17:39:26.828" level="INFO">Clicking element 'css=#sp-cc-accept'.</msg>
<status status="PASS" starttime="20230426 17:39:26.827" endtime="20230426 17:39:26.918"/>
</kw>
<kw name="Click Element" library="SeleniumLibrary">
<arg>css=#sobe_d_b_2_4 &gt; a &gt; div.sl-sobe-carousel-sub-card-image</arg>
<doc>Click the element identified by ``locator``.</doc>
<msg timestamp="20230426 17:39:26.919" level="INFO">Clicking element 'css=#sobe_d_b_2_4 &gt; a &gt; div.sl-sobe-carousel-sub-card-image'.</msg>
<status status="PASS" starttime="20230426 17:39:26.918" endtime="20230426 17:39:28.728"/>
</kw>
<kw name="Wait Until Element Is Visible" library="SeleniumLibrary">
<arg>xpath=//*[@id="search"]/div[1]/div[1]/div/span[1]/div[1]/div[2]/div/div/div/div/div[3]/div[2]/div/h5/span</arg>
<doc>Waits until the element ``locator`` is visible.</doc>
<status status="PASS" starttime="20230426 17:39:28.728" endtime="20230426 17:39:28.759"/>
</kw>
<status status="PASS" starttime="20230426 17:39:26.826" endtime="20230426 17:39:28.759"/>
</kw>
<kw name="Sleep" library="BuiltIn">
<arg>2</arg>
<doc>Pauses the test executed for the given time.</doc>
<msg timestamp="20230426 17:39:30.771" level="INFO">Slept 2 seconds</msg>
<status status="PASS" starttime="20230426 17:39:28.760" endtime="20230426 17:39:30.771"/>
</kw>
<kw name="close session">
<kw name="Close All Browsers" library="SeleniumLibrary">
<doc>Closes all open browsers and resets the browser cache.</doc>
<status status="PASS" starttime="20230426 17:39:30.773" endtime="20230426 17:39:37.085"/>
</kw>
<status status="PASS" starttime="20230426 17:39:30.772" endtime="20230426 17:39:37.085"/>
</kw>
<status status="PASS" starttime="20230426 17:39:21.074" endtime="20230426 17:39:37.086"/>
</test>
<status status="PASS" starttime="20230426 17:39:20.835" endtime="20230426 17:39:37.088"/>
</suite>
<status status="PASS" starttime="20230426 17:39:20.833" endtime="20230426 17:39:37.090"/>
</suite>
<status status="PASS" starttime="20230426 17:39:20.810" endtime="20230426 17:39:37.091"/>
</suite>
<statistics>
<total>
<stat pass="1" fail="0" skip="0">All Tests</stat>
</total>
<tag>
</tag>
<suite>
<stat pass="1" fail="0" skip="0" id="s1" name="Robot Framework">Robot Framework</stat>
<stat pass="1" fail="0" skip="0" id="s1-s1" name="Test">Robot Framework.Test</stat>
<stat pass="1" fail="0" skip="0" id="s1-s1-s1" name="Koton">Robot Framework.Test.Koton</stat>
</suite>
</statistics>
<errors>
</errors>
</robot>
